<?xml version="1.0" encoding="UTF-8"?>
<testng-results ignored="0" total="1" passed="1" failed="0" skipped="0">
  <reporter-output>
  </reporter-output>
  <suite started-at="2024-09-22T20:50:08 IST" name="Suite" finished-at="2024-09-22T20:50:30 IST" duration-ms="21695">
    <groups>
    </groups>
    <test started-at="2024-09-22T20:50:08 IST" name="Test" finished-at="2024-09-22T20:50:30 IST" duration-ms="21695">
      <class name="day47.LoginTest">
        <test-method is-config="true" signature="setUp()[pri:0, instance:day47.LoginTest@121314f7]" started-at="2024-09-22T20:50:08 IST" name="setUp" finished-at="2024-09-22T20:50:26 IST" duration-ms="18057" status="PASS">
          <reporter-output>
          </reporter-output>
        </test-method> <!-- setUp -->
        <test-method signature="testLogin()[pri:0, instance:day47.LoginTest@121314f7]" started-at="2024-09-22T20:50:26 IST" name="testLogin" finished-at="2024-09-22T20:50:28 IST" duration-ms="1294" status="PASS">
          <reporter-output>
          </reporter-output>
        </test-method> <!-- testLogin -->
        <test-method is-config="true" signature="tearDown()[pri:0, instance:day47.LoginTest@121314f7]" started-at="2024-09-22T20:50:28 IST" name="tearDown" finished-at="2024-09-22T20:50:30 IST" duration-ms="2276" status="PASS">
          <reporter-output>
          </reporter-output>
        </test-method> <!-- tearDown -->
      </class> <!-- day47.LoginTest -->
    </test> <!-- Test -->
  </suite> <!-- Suite -->
</testng-results>
