<?xml version="1.0" encoding="UTF-8"?>
<testng-results ignored="0" total="1" passed="1" failed="0" skipped="0">
  <reporter-output>
  </reporter-output>
  <suite started-at="2024-09-08T14:46:37 IST" name="Suite" finished-at="2024-09-08T14:46:55 IST" duration-ms="18421">
    <groups>
    </groups>
    <test started-at="2024-09-08T14:46:37 IST" name="Test" finished-at="2024-09-08T14:46:55 IST" duration-ms="18421">
      <class name="day47.LoginTest">
        <test-method is-config="true" signature="setUp()[pri:0, instance:day47.LoginTest@65c7a252]" started-at="2024-09-08T14:46:37 IST" name="setUp" finished-at="2024-09-08T14:46:54 IST" duration-ms="17115" status="PASS">
          <reporter-output>
          </reporter-output>
        </test-method> <!-- setUp -->
        <test-method signature="testLogin()[pri:0, instance:day47.LoginTest@65c7a252]" started-at="2024-09-08T14:46:54 IST" name="testLogin" finished-at="2024-09-08T14:46:55 IST" duration-ms="882" status="PASS">
          <reporter-output>
          </reporter-output>
        </test-method> <!-- testLogin -->
        <test-method is-config="true" signature="tearDown()[pri:0, instance:day47.LoginTest@65c7a252]" started-at="2024-09-08T14:46:55 IST" name="tearDown" finished-at="2024-09-08T14:46:55 IST" duration-ms="371" status="PASS">
          <reporter-output>
          </reporter-output>
        </test-method> <!-- tearDown -->
      </class> <!-- day47.LoginTest -->
    </test> <!-- Test -->
  </suite> <!-- Suite -->
</testng-results>
